[2019-08-26 14:36:06]-[\stock\log\default.log]-[ERROR]:[execute failed: select broker_code from broker_info where broker_code='('199', '2019-01-01')']
[2019-08-26 14:36:06]-[\stock\log\default.log]-[ERROR]:[数据库语句错误：select broker_code from broker_info where broker_code='('199', '2019-01-01')']
[2019-08-26 14:36:06]-[\stock\log\default.log]-[ERROR]:[数据库语句错误：select broker_code from broker_info where broker_code='('199', '2019-01-01')']
[2019-08-26 14:36:36]-[\stock\log\default.log]-[ERROR]:[execute failed: select broker_code from broker_info where broker_code='('199', '2019-01-01')']
[2019-08-26 14:36:36]-[\stock\log\default.log]-[ERROR]:[数据库语句错误：select broker_code from broker_info where broker_code='('199', '2019-01-01')']
[2019-08-26 14:36:36]-[\stock\log\default.log]-[ERROR]:[数据库语句错误：select broker_code from broker_info where broker_code='('199', '2019-01-01')']
[2019-08-27 22:25:42]-[\stock\log\default.log]-[ERROR]:[execute failed: insert into simulate_buy values (0, '2017-09-12', '80065939', 'sz300493', '润欣科技', '2017-09-13', '2017-09-15', 16.79, 16.6, 2, 1000, -190.0, -0.0113, 2, -0.0113)]
[2019-08-27 22:25:43]-[\stock\log\default.log]-[ERROR]:[execute failed: insert into simulate_buy values (0, '2017-09-12', '80065939', 'sz000710', '贝瑞基因', '2017-09-13', '2017-09-15', 70.17, 82.99, 2, 1000, 12820.0, 0.1827, 2, 0.1827)]
[2019-08-27 22:25:43]-[\stock\log\default.log]-[ERROR]:[execute failed: insert into simulate_buy values (0, '2017-09-12', '80065939', 'sz000710', '贝瑞基因', '2017-09-13', '2017-09-15', 70.17, 82.99, 2, 1000, 12820.0, 0.1827, 2, 0.1827)]
[2019-08-27 22:25:43]-[\stock\log\default.log]-[ERROR]:[execute failed: insert into simulate_buy values (0, '2017-09-12', '80065939', 'sz000762', '西藏矿业', '2017-09-13', '2017-09-15', 22.0, 22.65, 2, 1000, 650.0, 0.0295, 2, 0.0295)]
[2019-08-27 22:25:43]-[\stock\log\default.log]-[ERROR]:[execute failed: insert into simulate_buy values (0, '2017-09-12', '80065939', 'sz000762', '西藏矿业', '2017-09-13', '2017-09-15', 22.0, 22.65, 2, 1000, 650.0, 0.0295, 2, 0.0295)]
[2019-08-27 22:25:43]-[\stock\log\default.log]-[ERROR]:[execute failed: insert into simulate_buy values (0, '2017-09-12', '80065939', 'sz000762', '西藏矿业', '2017-09-13', '2017-09-15', 22.0, 22.65, 2, 1000, 650.0, 0.0295, 2, 0.0295)]
[2019-08-27 22:25:43]-[\stock\log\default.log]-[ERROR]:[execute failed: insert into simulate_buy values (0, '2017-09-12', '80065939', 'sz000795', '英洛华', '2017-09-13', '2017-09-15', 8.78, 8.32, 2, 1000, -460.0, -0.0524, 2, -0.0524)]
[2019-08-27 22:25:43]-[\stock\log\default.log]-[ERROR]:[execute failed: insert into simulate_buy values (0, '2017-09-12', '80065939', 'sz000795', '英洛华', '2017-09-13', '2017-09-15', 8.78, 8.32, 2, 1000, -460.0, -0.0524, 2, -0.0524)]
[2019-08-27 22:25:43]-[\stock\log\default.log]-[ERROR]:[execute failed: insert into simulate_buy values (0, '2017-09-12', '80065939', 'sz000795', '英洛华', '2017-09-13', '2017-09-15', 8.78, 8.32, 2, 1000, -460.0, -0.0524, 2, -0.0524)]
[2019-08-27 22:25:43]-[\stock\log\default.log]-[ERROR]:[execute failed: insert into simulate_buy values (0, '2017-09-12', '80065939', 'sz000795', '英洛华', '2017-09-13', '2017-09-15', 8.78, 8.32, 2, 1000, -460.0, -0.0524, 2, -0.0524)]
[2019-08-27 22:25:44]-[\stock\log\default.log]-[ERROR]:[execute failed: insert into simulate_buy values (0, '2017-09-12', '80065939', 'sz002497', '雅化集团', '2017-09-13', '2017-09-15', 20.06, 20.84, 2, 1000, 780.0, 0.0389, 2, 0.0389)]
[2019-08-27 22:25:44]-[\stock\log\default.log]-[ERROR]:[execute failed: insert into simulate_buy values (0, '2017-09-12', '80065939', 'sz002497', '雅化集团', '2017-09-13', '2017-09-15', 20.06, 20.84, 2, 1000, 780.0, 0.0389, 2, 0.0389)]
[2019-08-27 22:25:44]-[\stock\log\default.log]-[ERROR]:[execute failed: insert into simulate_buy values (0, '2017-09-12', '80065939', 'sz002497', '雅化集团', '2017-09-13', '2017-09-15', 20.06, 20.84, 2, 1000, 780.0, 0.0389, 2, 0.0389)]
[2019-08-27 22:25:44]-[\stock\log\default.log]-[ERROR]:[execute failed: insert into simulate_buy values (0, '2017-09-12', '80065939', 'sz002497', '雅化集团', '2017-09-13', '2017-09-15', 20.06, 20.84, 2, 1000, 780.0, 0.0389, 2, 0.0389)]
[2019-08-27 22:25:44]-[\stock\log\default.log]-[ERROR]:[execute failed: insert into simulate_buy values (0, '2017-09-12', '80065939', 'sz002497', '雅化集团', '2017-09-13', '2017-09-15', 20.06, 20.84, 2, 1000, 780.0, 0.0389, 2, 0.0389)]
[2019-08-27 22:25:44]-[\stock\log\default.log]-[ERROR]:[execute failed: insert into simulate_buy values (0, '2017-09-12', '80065939', 'sz002742', '三圣股份', '2017-09-13', '2017-09-15', 16.85, 18.9, 2, 1000, 2050.0, 0.1217, 2, 0.1217)]
[2019-08-27 22:25:44]-[\stock\log\default.log]-[ERROR]:[execute failed: insert into simulate_buy values (0, '2017-09-12', '80065939', 'sz002742', '三圣股份', '2017-09-13', '2017-09-15', 16.85, 18.9, 2, 1000, 2050.0, 0.1217, 2, 0.1217)]
[2019-08-27 22:25:44]-[\stock\log\default.log]-[ERROR]:[execute failed: insert into simulate_buy values (0, '2017-09-12', '80065939', 'sz002742', '三圣股份', '2017-09-13', '2017-09-15', 16.85, 18.9, 2, 1000, 2050.0, 0.1217, 2, 0.1217)]
[2019-08-27 22:25:44]-[\stock\log\default.log]-[ERROR]:[execute failed: insert into simulate_buy values (0, '2017-09-12', '80065939', 'sz002742', '三圣股份', '2017-09-13', '2017-09-15', 16.85, 18.9, 2, 1000, 2050.0, 0.1217, 2, 0.1217)]
[2019-08-27 22:25:44]-[\stock\log\default.log]-[ERROR]:[execute failed: insert into simulate_buy values (0, '2017-09-12', '80065939', 'sz002742', '三圣股份', '2017-09-13', '2017-09-15', 16.85, 18.9, 2, 1000, 2050.0, 0.1217, 2, 0.1217)]
[2019-08-27 22:25:44]-[\stock\log\default.log]-[ERROR]:[execute failed: insert into simulate_buy values (0, '2017-09-12', '80065939', 'sz002742', '三圣股份', '2017-09-13', '2017-09-15', 16.85, 18.9, 2, 1000, 2050.0, 0.1217, 2, 0.1217)]
[2019-08-27 22:27:48]-[\stock\log\default.log]-[ERROR]:[execute failed: insert into simulate_buy values (0, '2017-09-12', '80065939', 'sz300493', '润欣科技', '2017-09-13', '2017-09-15', 16.79, 16.6, 2, 1000, -190.0, -0.0113, 2, -0.0113)]
[2019-08-27 22:27:48]-[\stock\log\default.log]-[ERROR]:[execute failed: insert into simulate_buy values (0, '2017-09-12', '80065939', 'sz000710', '贝瑞基因', '2017-09-13', '2017-09-15', 70.17, 82.99, 2, 1000, 12820.0, 0.1827, 2, 0.1827)]
[2019-08-27 22:27:48]-[\stock\log\default.log]-[ERROR]:[execute failed: insert into simulate_buy values (0, '2017-09-12', '80065939', 'sz000710', '贝瑞基因', '2017-09-13', '2017-09-15', 70.17, 82.99, 2, 1000, 12820.0, 0.1827, 2, 0.1827)]
[2019-08-27 22:27:48]-[\stock\log\default.log]-[ERROR]:[execute failed: insert into simulate_buy values (0, '2017-09-12', '80065939', 'sz000762', '西藏矿业', '2017-09-13', '2017-09-15', 22.0, 22.65, 2, 1000, 650.0, 0.0295, 2, 0.0295)]
[2019-08-27 22:27:48]-[\stock\log\default.log]-[ERROR]:[execute failed: insert into simulate_buy values (0, '2017-09-12', '80065939', 'sz000762', '西藏矿业', '2017-09-13', '2017-09-15', 22.0, 22.65, 2, 1000, 650.0, 0.0295, 2, 0.0295)]
[2019-08-27 22:27:48]-[\stock\log\default.log]-[ERROR]:[execute failed: insert into simulate_buy values (0, '2017-09-12', '80065939', 'sz000762', '西藏矿业', '2017-09-13', '2017-09-15', 22.0, 22.65, 2, 1000, 650.0, 0.0295, 2, 0.0295)]
[2019-08-27 22:27:49]-[\stock\log\default.log]-[ERROR]:[execute failed: insert into simulate_buy values (0, '2017-09-12', '80065939', 'sz000795', '英洛华', '2017-09-13', '2017-09-15', 8.78, 8.32, 2, 1000, -460.0, -0.0524, 2, -0.0524)]
[2019-08-27 22:27:49]-[\stock\log\default.log]-[ERROR]:[execute failed: insert into simulate_buy values (0, '2017-09-12', '80065939', 'sz000795', '英洛华', '2017-09-13', '2017-09-15', 8.78, 8.32, 2, 1000, -460.0, -0.0524, 2, -0.0524)]
[2019-08-27 22:27:49]-[\stock\log\default.log]-[ERROR]:[execute failed: insert into simulate_buy values (0, '2017-09-12', '80065939', 'sz000795', '英洛华', '2017-09-13', '2017-09-15', 8.78, 8.32, 2, 1000, -460.0, -0.0524, 2, -0.0524)]
[2019-08-27 22:27:49]-[\stock\log\default.log]-[ERROR]:[execute failed: insert into simulate_buy values (0, '2017-09-12', '80065939', 'sz000795', '英洛华', '2017-09-13', '2017-09-15', 8.78, 8.32, 2, 1000, -460.0, -0.0524, 2, -0.0524)]
[2019-08-27 22:27:49]-[\stock\log\default.log]-[ERROR]:[execute failed: insert into simulate_buy values (0, '2017-09-12', '80065939', 'sz002497', '雅化集团', '2017-09-13', '2017-09-15', 20.06, 20.84, 2, 1000, 780.0, 0.0389, 2, 0.0389)]
[2019-08-27 22:27:49]-[\stock\log\default.log]-[ERROR]:[execute failed: insert into simulate_buy values (0, '2017-09-12', '80065939', 'sz002497', '雅化集团', '2017-09-13', '2017-09-15', 20.06, 20.84, 2, 1000, 780.0, 0.0389, 2, 0.0389)]
[2019-08-27 22:27:49]-[\stock\log\default.log]-[ERROR]:[execute failed: insert into simulate_buy values (0, '2017-09-12', '80065939', 'sz002497', '雅化集团', '2017-09-13', '2017-09-15', 20.06, 20.84, 2, 1000, 780.0, 0.0389, 2, 0.0389)]
[2019-08-27 22:27:49]-[\stock\log\default.log]-[ERROR]:[execute failed: insert into simulate_buy values (0, '2017-09-12', '80065939', 'sz002497', '雅化集团', '2017-09-13', '2017-09-15', 20.06, 20.84, 2, 1000, 780.0, 0.0389, 2, 0.0389)]
[2019-08-27 22:27:49]-[\stock\log\default.log]-[ERROR]:[execute failed: insert into simulate_buy values (0, '2017-09-12', '80065939', 'sz002497', '雅化集团', '2017-09-13', '2017-09-15', 20.06, 20.84, 2, 1000, 780.0, 0.0389, 2, 0.0389)]
[2019-08-27 22:27:49]-[\stock\log\default.log]-[ERROR]:[execute failed: insert into simulate_buy values (0, '2017-09-12', '80065939', 'sz002742', '三圣股份', '2017-09-13', '2017-09-15', 16.85, 18.9, 2, 1000, 2050.0, 0.1217, 2, 0.1217)]
[2019-08-27 22:27:49]-[\stock\log\default.log]-[ERROR]:[execute failed: insert into simulate_buy values (0, '2017-09-12', '80065939', 'sz002742', '三圣股份', '2017-09-13', '2017-09-15', 16.85, 18.9, 2, 1000, 2050.0, 0.1217, 2, 0.1217)]
[2019-08-27 22:27:49]-[\stock\log\default.log]-[ERROR]:[execute failed: insert into simulate_buy values (0, '2017-09-12', '80065939', 'sz002742', '三圣股份', '2017-09-13', '2017-09-15', 16.85, 18.9, 2, 1000, 2050.0, 0.1217, 2, 0.1217)]
[2019-08-27 22:27:49]-[\stock\log\default.log]-[ERROR]:[execute failed: insert into simulate_buy values (0, '2017-09-12', '80065939', 'sz002742', '三圣股份', '2017-09-13', '2017-09-15', 16.85, 18.9, 2, 1000, 2050.0, 0.1217, 2, 0.1217)]
[2019-08-27 22:27:49]-[\stock\log\default.log]-[ERROR]:[execute failed: insert into simulate_buy values (0, '2017-09-12', '80065939', 'sz002742', '三圣股份', '2017-09-13', '2017-09-15', 16.85, 18.9, 2, 1000, 2050.0, 0.1217, 2, 0.1217)]
[2019-08-27 22:27:49]-[\stock\log\default.log]-[ERROR]:[execute failed: insert into simulate_buy values (0, '2017-09-12', '80065939', 'sz002742', '三圣股份', '2017-09-13', '2017-09-15', 16.85, 18.9, 2, 1000, 2050.0, 0.1217, 2, 0.1217)]
[2019-08-27 22:29:21]-[\stock\log\default.log]-[ERROR]:[execute failed: insert into simulate_buy values (0, '2017-09-12', '80065939', 'sz300493', '润欣科技', '2017-09-13', '2017-09-15', 16.79, 16.6, 2, 1000, -190.0, -0.0113, 2, -0.0113)]
[2019-08-27 22:29:21]-[\stock\log\default.log]-[ERROR]:[execute failed: insert into simulate_buy values (0, '2017-09-12', '80065939', 'sz000710', '贝瑞基因', '2017-09-13', '2017-09-15', 70.17, 82.99, 2, 1000, 12820.0, 0.1827, 2, 0.1827)]
[2019-08-27 22:29:21]-[\stock\log\default.log]-[ERROR]:[execute failed: insert into simulate_buy values (0, '2017-09-12', '80065939', 'sz000710', '贝瑞基因', '2017-09-13', '2017-09-15', 70.17, 82.99, 2, 1000, 12820.0, 0.1827, 2, 0.1827)]
[2019-08-27 22:29:21]-[\stock\log\default.log]-[ERROR]:[execute failed: insert into simulate_buy values (0, '2017-09-12', '80065939', 'sz000762', '西藏矿业', '2017-09-13', '2017-09-15', 22.0, 22.65, 2, 1000, 650.0, 0.0295, 2, 0.0295)]
[2019-08-27 22:29:21]-[\stock\log\default.log]-[ERROR]:[execute failed: insert into simulate_buy values (0, '2017-09-12', '80065939', 'sz000762', '西藏矿业', '2017-09-13', '2017-09-15', 22.0, 22.65, 2, 1000, 650.0, 0.0295, 2, 0.0295)]
[2019-08-27 22:29:21]-[\stock\log\default.log]-[ERROR]:[execute failed: insert into simulate_buy values (0, '2017-09-12', '80065939', 'sz000762', '西藏矿业', '2017-09-13', '2017-09-15', 22.0, 22.65, 2, 1000, 650.0, 0.0295, 2, 0.0295)]
[2019-08-27 22:29:22]-[\stock\log\default.log]-[ERROR]:[execute failed: insert into simulate_buy values (0, '2017-09-12', '80065939', 'sz000795', '英洛华', '2017-09-13', '2017-09-15', 8.78, 8.32, 2, 1000, -460.0, -0.0524, 2, -0.0524)]
[2019-08-27 22:29:22]-[\stock\log\default.log]-[ERROR]:[execute failed: insert into simulate_buy values (0, '2017-09-12', '80065939', 'sz000795', '英洛华', '2017-09-13', '2017-09-15', 8.78, 8.32, 2, 1000, -460.0, -0.0524, 2, -0.0524)]
[2019-08-27 22:29:22]-[\stock\log\default.log]-[ERROR]:[execute failed: insert into simulate_buy values (0, '2017-09-12', '80065939', 'sz000795', '英洛华', '2017-09-13', '2017-09-15', 8.78, 8.32, 2, 1000, -460.0, -0.0524, 2, -0.0524)]
[2019-08-27 22:29:22]-[\stock\log\default.log]-[ERROR]:[execute failed: insert into simulate_buy values (0, '2017-09-12', '80065939', 'sz000795', '英洛华', '2017-09-13', '2017-09-15', 8.78, 8.32, 2, 1000, -460.0, -0.0524, 2, -0.0524)]
[2019-08-27 22:29:22]-[\stock\log\default.log]-[ERROR]:[execute failed: insert into simulate_buy values (0, '2017-09-12', '80065939', 'sz002497', '雅化集团', '2017-09-13', '2017-09-15', 20.06, 20.84, 2, 1000, 780.0, 0.0389, 2, 0.0389)]
[2019-08-27 22:29:22]-[\stock\log\default.log]-[ERROR]:[execute failed: insert into simulate_buy values (0, '2017-09-12', '80065939', 'sz002497', '雅化集团', '2017-09-13', '2017-09-15', 20.06, 20.84, 2, 1000, 780.0, 0.0389, 2, 0.0389)]
[2019-08-27 22:29:22]-[\stock\log\default.log]-[ERROR]:[execute failed: insert into simulate_buy values (0, '2017-09-12', '80065939', 'sz002497', '雅化集团', '2017-09-13', '2017-09-15', 20.06, 20.84, 2, 1000, 780.0, 0.0389, 2, 0.0389)]
[2019-08-27 22:29:22]-[\stock\log\default.log]-[ERROR]:[execute failed: insert into simulate_buy values (0, '2017-09-12', '80065939', 'sz002497', '雅化集团', '2017-09-13', '2017-09-15', 20.06, 20.84, 2, 1000, 780.0, 0.0389, 2, 0.0389)]
[2019-08-27 22:29:22]-[\stock\log\default.log]-[ERROR]:[execute failed: insert into simulate_buy values (0, '2017-09-12', '80065939', 'sz002497', '雅化集团', '2017-09-13', '2017-09-15', 20.06, 20.84, 2, 1000, 780.0, 0.0389, 2, 0.0389)]
[2019-08-27 22:29:23]-[\stock\log\default.log]-[ERROR]:[execute failed: insert into simulate_buy values (0, '2017-09-12', '80065939', 'sz002742', '三圣股份', '2017-09-13', '2017-09-15', 16.85, 18.9, 2, 1000, 2050.0, 0.1217, 2, 0.1217)]
[2019-08-27 22:29:23]-[\stock\log\default.log]-[ERROR]:[execute failed: insert into simulate_buy values (0, '2017-09-12', '80065939', 'sz002742', '三圣股份', '2017-09-13', '2017-09-15', 16.85, 18.9, 2, 1000, 2050.0, 0.1217, 2, 0.1217)]
[2019-08-27 22:29:23]-[\stock\log\default.log]-[ERROR]:[execute failed: insert into simulate_buy values (0, '2017-09-12', '80065939', 'sz002742', '三圣股份', '2017-09-13', '2017-09-15', 16.85, 18.9, 2, 1000, 2050.0, 0.1217, 2, 0.1217)]
[2019-08-27 22:29:23]-[\stock\log\default.log]-[ERROR]:[execute failed: insert into simulate_buy values (0, '2017-09-12', '80065939', 'sz002742', '三圣股份', '2017-09-13', '2017-09-15', 16.85, 18.9, 2, 1000, 2050.0, 0.1217, 2, 0.1217)]
[2019-08-27 22:29:23]-[\stock\log\default.log]-[ERROR]:[execute failed: insert into simulate_buy values (0, '2017-09-12', '80065939', 'sz002742', '三圣股份', '2017-09-13', '2017-09-15', 16.85, 18.9, 2, 1000, 2050.0, 0.1217, 2, 0.1217)]
[2019-08-27 22:29:23]-[\stock\log\default.log]-[ERROR]:[execute failed: insert into simulate_buy values (0, '2017-09-12', '80065939', 'sz002742', '三圣股份', '2017-09-13', '2017-09-15', 16.85, 18.9, 2, 1000, 2050.0, 0.1217, 2, 0.1217)]
[2019-08-27 22:52:00]-[\stock\log\default.log]-[ERROR]:[execute failed: insert into simulate_buy values None]
[2019-08-27 22:52:00]-[\stock\log\default.log]-[ERROR]:[execute failed: insert into simulate_buy values None]
[2019-08-27 22:52:00]-[\stock\log\default.log]-[ERROR]:[execute failed: insert into simulate_buy values None]
[2019-08-27 22:52:01]-[\stock\log\default.log]-[ERROR]:[execute failed: insert into simulate_buy values None]
[2019-08-27 22:52:01]-[\stock\log\default.log]-[ERROR]:[execute failed: insert into simulate_buy values None]
[2019-08-27 22:52:01]-[\stock\log\default.log]-[ERROR]:[execute failed: insert into simulate_buy values None]
[2019-08-27 22:52:01]-[\stock\log\default.log]-[ERROR]:[execute failed: insert into simulate_buy values None]
[2019-08-27 22:52:01]-[\stock\log\default.log]-[ERROR]:[execute failed: insert into simulate_buy values None]
[2019-08-27 22:52:01]-[\stock\log\default.log]-[ERROR]:[execute failed: insert into simulate_buy values None]
[2019-08-27 22:52:01]-[\stock\log\default.log]-[ERROR]:[execute failed: insert into simulate_buy values None]
[2019-08-27 22:52:01]-[\stock\log\default.log]-[ERROR]:[execute failed: insert into simulate_buy values None]
[2019-08-27 22:52:01]-[\stock\log\default.log]-[ERROR]:[execute failed: insert into simulate_buy values None]
[2019-08-27 22:52:01]-[\stock\log\default.log]-[ERROR]:[execute failed: insert into simulate_buy values None]
[2019-08-27 22:52:01]-[\stock\log\default.log]-[ERROR]:[execute failed: insert into simulate_buy values None]
[2019-08-27 22:52:01]-[\stock\log\default.log]-[ERROR]:[execute failed: insert into simulate_buy values None]
[2019-08-27 22:52:02]-[\stock\log\default.log]-[ERROR]:[execute failed: insert into simulate_buy values None]
[2019-08-27 22:52:02]-[\stock\log\default.log]-[ERROR]:[execute failed: insert into simulate_buy values None]
[2019-08-27 22:52:02]-[\stock\log\default.log]-[ERROR]:[execute failed: insert into simulate_buy values None]
[2019-08-27 22:52:02]-[\stock\log\default.log]-[ERROR]:[execute failed: insert into simulate_buy values None]
[2019-08-27 22:52:02]-[\stock\log\default.log]-[ERROR]:[execute failed: insert into simulate_buy values None]
[2019-08-27 22:52:02]-[\stock\log\default.log]-[ERROR]:[execute failed: insert into simulate_buy values None]
